INFO  2017-03-02 18:26:14,287 [main][StartPoint.java:119] : start uploading
INFO  2017-03-02 18:26:14,718 [main][ConnectionDB.java:55] : OK... connection to DB
INFO  2017-03-02 18:26:14,724 [main][ModelFromSomeRes.java:70] : record DepModel [depCode=9210, depJob=Data manager, description=LICENSE TO USESubject to the terms and conditions of this Agreement includingbut not limited tothe Java Technology Restrictions of the Supplemental License TermsOracle gra  nts you a non-exclusive]  read from DB
INFO  2017-03-02 18:26:14,724 [main][ModelFromSomeRes.java:70] : record DepModel [depCode=05, depJob=Tester, description=DEFINITIONS"Softwaremeans the   software identified above in binary form that you..]  read from DB
INFO  2017-03-02 18:26:14,727 [main][ModelFromSomeRes.java:70] : record DepModel [depCode=01w5, depJob=Tester, description=DEFINITIONS"Softwaremeans the   software identified above in binary form that you..]  read from DB
INFO  2017-03-02 18:26:14,727 [main][ModelFromSomeRes.java:70] : record DepModel [depCode=9210, depJob=Data ma nager, description=LICENSE TO USESubject to the terms and conditions of this Agreement includingbut not limited tothe Java Technology Restrictions of   the Supp emental License TermsOracle gra  nts you a non-exclusive]  read from DB
INFO  2017-03-02 18:26:14,727 [main][ModelFromSomeRes.java:70] : record DepModel [depCode=921sacasa0, depJob=Data ma nager, description=LICENSE TO USESubject to the terms and conditions of this Agreement includingbut not limited tothe Java Technology Restrictions of  the Supp emental License TermsOracle gra  nts you a non-exclusive]  read from DB
INFO  2017-03-02 18:26:14,727 [main][ModelFromSomeRes.java:70] : record DepModel [depCode=105, depJob=Tester, description=DEFINITIONS"Softwaremeans the   software identified above in binary form that you..]  read from DB
INFO  2017-03-02 18:26:14,727 [main][ModelFromSomeRes.java:73] : From DB load  6 objects
INFO  2017-03-02 18:26:14,757 [main][ModelFromSomeRes.java:208] : record  DepModel [depCode=9210, depJob=Data manager, description=LICENSE TO USESubject to the terms and conditions of this Agreement includingbut not limited tothe Java Technology Restrictions of the Supplemental License TermsOracle gra  nts you a non-exclusive] add to XML file
INFO  2017-03-02 18:26:14,758 [main][ModelFromSomeRes.java:208] : record  DepModel [depCode=05, depJob=Tester, description=DEFINITIONS"Softwaremeans the   software identified above in binary form that you..] add to XML file
INFO  2017-03-02 18:26:14,758 [main][ModelFromSomeRes.java:208] : record  DepModel [depCode=01w5, depJob=Tester, description=DEFINITIONS"Softwaremeans the   software identified above in binary form that you..] add to XML file
INFO  2017-03-02 18:26:14,758 [main][ModelFromSomeRes.java:208] : record  DepModel [depCode=9210, depJob=Data ma nager, description=LICENSE TO USESubject to the terms and conditions of this Agreement includingbut not limited tothe Java Technology Restrictions of   the Supp emental License TermsOracle gra  nts you a non-exclusive] add to XML file
INFO  2017-03-02 18:26:14,759 [main][ModelFromSomeRes.java:208] : record  DepModel [depCode=921sacasa0, depJob=Data ma nager, description=LICENSE TO USESubject to the terms and conditions of this Agreement includingbut not limited tothe Java Technology Restrictions of  the Supp emental License TermsOracle gra  nts you a non-exclusive] add to XML file
INFO  2017-03-02 18:26:14,759 [main][ModelFromSomeRes.java:208] : record  DepModel [depCode=105, depJob=Tester, description=DEFINITIONS"Softwaremeans the   software identified above in binary form that you..] add to XML file
INFO  2017-03-02 18:26:14,792 [main][ModelFromSomeRes.java:218] : create XML File with  6  records
INFO  2017-03-02 18:26:33,785 [main][StartPoint.java:103] : start synchronization
INFO  2017-03-02 18:26:33,822 [main][ConnectionDB.java:55] : OK... connection to DB
INFO  2017-03-02 18:26:33,826 [main][ModelFromSomeRes.java:70] : record DepModel [depCode=9210, depJob=Data manager, description=LICENSE TO USESubject to the terms and conditions of this Agreement includingbut not limited tothe Java Technology Restrictions of the Supplemental License TermsOracle gra  nts you a non-exclusive]  read from DB
INFO  2017-03-02 18:26:33,826 [main][ModelFromSomeRes.java:70] : record DepModel [depCode=05, depJob=Tester, description=DEFINITIONS"Softwaremeans the   software identified above in binary form that you..]  read from DB
INFO  2017-03-02 18:26:33,827 [main][ModelFromSomeRes.java:70] : record DepModel [depCode=01w5, depJob=Tester, description=DEFINITIONS"Softwaremeans the   software identified above in binary form that you..]  read from DB
INFO  2017-03-02 18:26:33,827 [main][ModelFromSomeRes.java:70] : record DepModel [depCode=9210, depJob=Data ma nager, description=LICENSE TO USESubject to the terms and conditions of this Agreement includingbut not limited tothe Java Technology Restrictions of   the Supp emental License TermsOracle gra  nts you a non-exclusive]  read from DB
INFO  2017-03-02 18:26:33,827 [main][ModelFromSomeRes.java:70] : record DepModel [depCode=921sacasa0, depJob=Data ma nager, description=LICENSE TO USESubject to the terms and conditions of this Agreement includingbut not limited tothe Java Technology Restrictions of  the Supp emental License TermsOracle gra  nts you a non-exclusive]  read from DB
INFO  2017-03-02 18:26:33,827 [main][ModelFromSomeRes.java:70] : record DepModel [depCode=105, depJob=Tester, description=DEFINITIONS"Softwaremeans the   software identified above in binary form that you..]  read from DB
INFO  2017-03-02 18:26:33,827 [main][ModelFromSomeRes.java:73] : From DB load  6 objects
INFO  2017-03-02 18:26:33,840 [main][ModelFromSomeRes.java:121] : record DepModel [depCode=105, depJob=Tester, description=DEFINITIONS"Softwaremeans the   software identified above in binary form that you..]  read from XML file
INFO  2017-03-02 18:26:33,841 [main][ModelFromSomeRes.java:121] : record DepModel [depCode=9210, depJob=Data manager, description=LICENSE TO USESubject to the terms and conditions of this Agreement includingbut not limited tothe Java Technology Restrictions of the Supplemental License TermsOracle gra  nts you a non-exclusive]  read from XML file
INFO  2017-03-02 18:26:33,842 [main][ModelFromSomeRes.java:121] : record DepModel [depCode=05, depJob=Tester, description=DEFINITIONS"Softwaremeans the   software identified above in binary form that you..]  read from XML file
INFO  2017-03-02 18:26:33,842 [main][ModelFromSomeRes.java:121] : record DepModel [depCode=9210, depJob=Data ma nager, description=LICENSE TO USESubject to the terms and conditions of this Agreement includingbut not limited tothe Java Technology Restrictions of   the Supp emental License TermsOracle gra  nts you a non-exclusive]  read from XML file
INFO  2017-03-02 18:26:33,843 [main][ModelFromSomeRes.java:121] : record DepModel [depCode=01w5, depJob=Tester, description=DEFINITIONS"Softwaremeans the   software identified above in binary form that you..]  read from XML file
INFO  2017-03-02 18:26:33,843 [main][ModelFromSomeRes.java:121] : record DepModel [depCode=921sacasa0, depJob=Data ma nager, description=LICENSE TO USESubject to the terms and conditions of this Agreement includingbut not limited tothe Java Technology Restrictions of  the Supp emental License TermsOracle gra  nts you a non-exclusive]  read from XML file
INFO  2017-03-02 18:26:33,844 [main][ModelFromSomeRes.java:128] : in xml file find 6  records
INFO  2017-03-02 18:26:33,862 [main][ConnectionDB.java:55] : OK... connection to DB
INFO  2017-03-02 18:26:33,868 [main][SyncAndValidation.java:138] : Commit DB
INFO  2017-03-02 18:27:28,815 [main][StartPoint.java:94] : Close programm
INFO  2017-03-03 00:00:11,988 [main][StartPoint.java:94] : Close programm
INFO  2017-03-03 00:14:48,402 [main][StartPoint.java:119] : start uploading
